<?xml version="1.0" encoding="UTF-8"?>
<!-- Generated by org.testng.reporters.JUnitReportReporter -->
<testsuite hostname="BRUPESH-LPT" failures="0" tests="1" name="SumValidation" time="1.875" errors="0" timestamp="2021-03-11T21:04:31 IST" skipped="0">
  <testcase classname="SumValidation" name="sumOfCourses" time="1.875"/>
  <system-out/>
</testsuite> <!-- SumValidation -->
